# JRE version: Java(TM) SE Runtime Environment (8.0_191-b12) (build 1.8.0_191-b12)
# Java VM: Java HotSpot(TM) 64-Bit Server VM (25.191-b12 mixed mode windows-amd64 compressed oops)
Heap:
 PSYoungGen      total 114688K, used 82255K [0x0000000740700000, 0x0000000748700000, 0x00000007c0000000)
  eden space 98304K, 81% used [0x0000000740700000,0x000000074559a008,0x0000000746700000)
  from space 16384K, 10% used [0x0000000747700000,0x00000007478b9e08,0x0000000748700000)
  to   space 16384K, 0% used [0x0000000746700000,0x0000000746700000,0x0000000747700000)
 ParOldGen       total 262144K, used 40K [0x0000000641400000, 0x0000000651400000, 0x0000000740700000)
  object space 262144K, 0% used [0x0000000641400000,0x000000064140a000,0x0000000651400000)
 Metaspace       used 6786K, capacity 6940K, committed 7040K, reserved 1056768K
  class space    used 744K, capacity 798K, committed 896K, reserved 1048576K
GC Heap History (8 events):
Event: 50.812 GC heap before
{Heap before GC invocations=1 (full 0):
 PSYoungGen      total 114688K, used 98304K [0x0000000740700000, 0x0000000748700000, 0x00000007c0000000)
  eden space 98304K, 100% used [0x0000000740700000,0x0000000746700000,0x0000000746700000)
  from space 16384K, 0% used [0x0000000747700000,0x0000000747700000,0x0000000748700000)
  to   space 16384K, 0% used [0x0000000746700000,0x0000000746700000,0x0000000747700000)
 ParOldGen       total 262144K, used 0K [0x0000000641400000, 0x0000000651400000, 0x0000000740700000)
  object space 262144K, 0% used [0x0000000641400000,0x0000000641400000,0x0000000651400000)
 Metaspace       used 6748K, capacity 6876K, committed 7040K, reserved 1056768K
  class space    used 743K, capacity 798K, committed 896K, reserved 1048576K
Event: 50.814 GC heap after
Heap after GC invocations=1 (full 0):
 PSYoungGen      total 114688K, used 2664K [0x0000000740700000, 0x0000000748700000, 0x00000007c0000000)
  eden space 98304K, 0% used [0x0000000740700000,0x0000000740700000,0x0000000746700000)
  from space 16384K, 16% used [0x0000000746700000,0x000000074699a050,0x0000000747700000)
  to   space 16384K, 0% used [0x0000000747700000,0x0000000747700000,0x0000000748700000)
 ParOldGen       total 262144K, used 16K [0x0000000641400000, 0x0000000651400000, 0x0000000740700000)
  object space 262144K, 0% used [0x0000000641400000,0x0000000641404000,0x0000000651400000)
 Metaspace       used 6748K, capacity 6876K, committed 7040K, reserved 1056768K
  class space    used 743K, capacity 798K, committed 896K, reserved 1048576K
}
Event: 79.147 GC heap before
{Heap before GC invocations=2 (full 0):
 PSYoungGen      total 114688K, used 100968K [0x0000000740700000, 0x0000000748700000, 0x00000007c0000000)
  eden space 98304K, 100% used [0x0000000740700000,0x0000000746700000,0x0000000746700000)
  from space 16384K, 16% used [0x0000000746700000,0x000000074699a050,0x0000000747700000)
  to   space 16384K, 0% used [0x0000000747700000,0x0000000747700000,0x0000000748700000)
 ParOldGen       total 262144K, used 16K [0x0000000641400000, 0x0000000651400000, 0x0000000740700000)
  object space 262144K, 0% used [0x0000000641400000,0x0000000641404000,0x0000000651400000)
 Metaspace       used 6758K, capacity 6940K, committed 7040K, reserved 1056768K
  class space    used 743K, capacity 798K, committed 896K, reserved 1048576K
Event: 79.148 GC heap after
Heap after GC invocations=2 (full 0):
 PSYoungGen      total 114688K, used 1799K [0x0000000740700000, 0x0000000748700000, 0x00000007c0000000)
  eden space 98304K, 0% used [0x0000000740700000,0x0000000740700000,0x0000000746700000)
  from space 16384K, 10% used [0x0000000747700000,0x00000007478c1e08,0x0000000748700000)
  to   space 16384K, 0% used [0x0000000746700000,0x0000000746700000,0x0000000747700000)
 ParOldGen       total 262144K, used 24K [0x0000000641400000, 0x0000000651400000, 0x0000000740700000)
  object space 262144K, 0% used [0x0000000641400000,0x0000000641406000,0x0000000651400000)
 Metaspace       used 6758K, capacity 6940K, committed 7040K, reserved 1056768K
  class space    used 743K, capacity 798K, committed 896K, reserved 1048576K
}
Event: 85.718 GC heap before
{Heap before GC invocations=3 (full 0):
 PSYoungGen      total 114688K, used 100103K [0x0000000740700000, 0x0000000748700000, 0x00000007c0000000)
  eden space 98304K, 100% used [0x0000000740700000,0x0000000746700000,0x0000000746700000)
  from space 16384K, 10% used [0x0000000747700000,0x00000007478c1e08,0x0000000748700000)
  to   space 16384K, 0% used [0x0000000746700000,0x0000000746700000,0x0000000747700000)
 ParOldGen       total 262144K, used 24K [0x0000000641400000, 0x0000000651400000, 0x0000000740700000)
  object space 262144K, 0% used [0x0000000641400000,0x0000000641406000,0x0000000651400000)
 Metaspace       used 6758K, capacity 6940K, committed 7040K, reserved 1056768K
  class space    used 743K, capacity 798K, committed 896K, reserved 1048576K
Event: 85.720 GC heap after
Heap after GC invocations=3 (full 0):
 PSYoungGen      total 114688K, used 1783K [0x0000000740700000, 0x0000000748700000, 0x00000007c0000000)
  eden space 98304K, 0% used [0x0000000740700000,0x0000000740700000,0x0000000746700000)
  from space 16384K, 10% used [0x0000000746700000,0x00000007468bde18,0x0000000747700000)
  to   space 16384K, 0% used [0x0000000747700000,0x0000000747700000,0x0000000748700000)
 ParOldGen       total 262144K, used 32K [0x0000000641400000, 0x0000000651400000, 0x0000000740700000)
  object space 262144K, 0% used [0x0000000641400000,0x0000000641408000,0x0000000651400000)
 Metaspace       used 6758K, capacity 6940K, committed 7040K, reserved 1056768K
  class space    used 743K, capacity 798K, committed 896K, reserved 1048576K
}
Event: 92.414 GC heap before
{Heap before GC invocations=4 (full 0):
 PSYoungGen      total 114688K, used 100087K [0x0000000740700000, 0x0000000748700000, 0x00000007c0000000)
  eden space 98304K, 100% used [0x0000000740700000,0x0000000746700000,0x0000000746700000)
  from space 16384K, 10% used [0x0000000746700000,0x00000007468bde18,0x0000000747700000)
  to   space 16384K, 0% used [0x0000000747700000,0x0000000747700000,0x0000000748700000)
 ParOldGen       total 262144K, used 32K [0x0000000641400000, 0x0000000651400000, 0x0000000740700000)
  object space 262144K, 0% used [0x0000000641400000,0x0000000641408000,0x0000000651400000)
 Metaspace       used 6758K, capacity 6940K, committed 7040K, reserved 1056768K
  class space    used 743K, capacity 798K, committed 896K, reserved 1048576K
Event: 92.416 GC heap after
Heap after GC invocations=4 (full 0):
 PSYoungGen      total 114688K, used 1767K [0x0000000740700000, 0x0000000748700000, 0x00000007c0000000)
  eden space 98304K, 0% used [0x0000000740700000,0x0000000740700000,0x0000000746700000)
  from space 16384K, 10% used [0x0000000747700000,0x00000007478b9e08,0x0000000748700000)
  to   space 16384K, 0% used [0x0000000746700000,0x0000000746700000,0x0000000747700000)
 ParOldGen       total 262144K, used 40K [0x0000000641400000, 0x0000000651400000, 0x0000000740700000)
  object space 262144K, 0% used [0x0000000641400000,0x000000064140a000,0x0000000651400000)
 Metaspace       used 6758K, capacity 6940K, committed 7040K, reserved 1056768K
  class space    used 743K, capacity 798K, committed 896K, reserved 1048576K
}

